<?xml version="1.0" encoding="UTF-8"?>
<!-- Generated by org.testng.reporters.JUnitReportReporter -->
<testsuite hostname="BASTET" failures="0" tests="1" name="com.parabank.ui_automation.BasicTest" time="1.420" errors="0" timestamp="2025-05-09T14:47:54 EEST" skipped="0">
  <testcase classname="com.parabank.ui_automation.BasicTest" name="openGoogle" time="1.420"/>
</testsuite> <!-- com.parabank.ui_automation.BasicTest -->
