<?xml version="1.0" encoding="UTF-8"?>
<!-- Generated by org.testng.reporters.JUnitReportReporter -->
<testsuite hostname="BASTET" failures="0" tests="4" name="tests.RegistrationTest" time="35.886" errors="0" timestamp="2025-05-10T00:35:12 EEST" skipped="0">
  <testcase classname="tests.RegistrationTest" name="verifyRegistrationPageLoads" time="7.317"/>
  <testcase classname="tests.RegistrationTest" name="testValidRegistration" time="8.216"/>
  <testcase classname="tests.RegistrationTest" name="testMissingMandatoryFields" time="12.041"/>
  <testcase classname="tests.RegistrationTest" name="testDuplicateUsername" time="8.312"/>
</testsuite> <!-- tests.RegistrationTest -->
